2018-04-09 13:44:48,745 - access - INFO - 1m[henry] Login Success미
2018-04-09 13:47:41,979 - access - INFO - 1m[henry] Login Success미
2018-04-09 13:47:43,315 - access - INFO - [henry] Account logout!
2018-04-09 13:48:47,092 - access - INFO - [admin] Account logout!
2018-04-09 13:48:57,385 - access - INFO - [admin] Account logout!
2018-04-09 13:49:35,818 - access - INFO - 1m[admin] Login Success미
2018-04-09 13:49:38,367 - access - INFO - [admin] Account logout!
2018-04-09 13:50:59,104 - access - INFO - [admin] Account logout!
2018-04-09 13:51:11,136 - access - INFO - [admin] Account logout!
2018-04-09 13:51:28,501 - access - INFO - 1m[henry] Login Success미
2018-04-09 13:51:32,113 - access - INFO - [henry] Account logout!
2018-04-09 14:05:11,409 - access - INFO - [henry] Login Success!
2018-04-09 14:18:51,475 - access - INFO - [admin] Login Success!
2018-04-09 14:51:38,816 - access - INFO - [admin] Login Success!
2018-04-09 14:54:42,992 - access - INFO - [admin] Login Success!
2018-04-09 15:04:52,202 - access - INFO - [admin] Account logout!
2018-04-09 15:05:04,320 - access - INFO - [alex] Login Success!
2018-04-09 15:07:12,953 - access - INFO - [alex] Login Success!
2018-04-09 15:08:44,609 - access - INFO - [alex] Login Success!
2018-04-09 15:10:38,743 - access - INFO - [henry] Login Success!
2018-04-09 15:10:52,442 - access - INFO - [henry] Account logout!
2018-04-09 15:10:57,574 - access - INFO - [admin] Login Success!
2018-04-09 15:12:31,926 - access - INFO - [admin] Account logout!
2018-04-09 15:15:01,863 - access - INFO - [henry] Login Success!
2018-04-09 15:17:24,650 - access - INFO - [henry] Account logout!
2018-04-09 15:17:51,271 - access - INFO - [alex] Login Success!
